2023-06-01 14:38:13.531  INFO 20308 --- [http-nio-8080-exec-9] c.m.sbb.question.QuestionController      : page:0, kw:
2023-06-01 14:38:37.605  INFO 20308 --- [http-nio-8080-exec-10] c.m.sbb.question.QuestionController      : page:0, kw:
2023-06-01 14:39:38.835  INFO 20308 --- [File Watcher] rtingClassPathChangeChangedEventListener : Restarting due to 1 class path change (0 additions, 0 deletions, 1 modification)
2023-06-01 14:39:38.859  INFO 20308 --- [Thread-8] o.apache.catalina.core.StandardService   : Stopping service [Tomcat]
2023-06-01 14:39:38.860  INFO 20308 --- [Thread-8] o.a.c.c.C.[Tomcat].[localhost].[/]       : Destroying Spring FrameworkServlet 'dispatcherServlet'
2023-06-01 14:39:38.868  INFO 20308 --- [Thread-8] j.LocalContainerEntityManagerFactoryBean : Closing JPA EntityManagerFactory for persistence unit 'default'
2023-06-01 14:39:38.869  INFO 20308 --- [Thread-8] com.zaxxer.hikari.HikariDataSource       : HikariPool-2 - Shutdown initiated...
2023-06-01 14:39:38.887  INFO 20308 --- [Thread-8] com.zaxxer.hikari.HikariDataSource       : HikariPool-2 - Shutdown completed.
2023-06-01 14:39:38.970  INFO 20308 --- [restartedMain] com.myside.sbb.SbbApplication            : Starting SbbApplication using Java 17.0.7 with PID 20308 (C:\Dev\workspace\sbb\bin\main started by User in C:\Dev\workspace\sbb)
2023-06-01 14:39:38.970  INFO 20308 --- [restartedMain] com.myside.sbb.SbbApplication            : No active profile set, falling back to 1 default profile: "default"
2023-06-01 14:39:39.176  INFO 20308 --- [restartedMain] .s.d.r.c.RepositoryConfigurationDelegate : Bootstrapping Spring Data JPA repositories in DEFAULT mode.
2023-06-01 14:39:39.189  INFO 20308 --- [restartedMain] .s.d.r.c.RepositoryConfigurationDelegate : Finished Spring Data repository scanning in 12 ms. Found 3 JPA repository interfaces.
2023-06-01 14:39:39.287  INFO 20308 --- [restartedMain] o.s.b.w.embedded.tomcat.TomcatWebServer  : Tomcat initialized with port(s): 8080 (http)
2023-06-01 14:39:39.287  INFO 20308 --- [restartedMain] o.apache.catalina.core.StandardService   : Starting service [Tomcat]
2023-06-01 14:39:39.288  INFO 20308 --- [restartedMain] o.apache.catalina.core.StandardEngine    : Starting Servlet engine: [Apache Tomcat/10.1.8]
2023-06-01 14:39:39.325  INFO 20308 --- [restartedMain] o.a.c.c.C.[Tomcat].[localhost].[/]       : Initializing Spring embedded WebApplicationContext
2023-06-01 14:39:39.326  INFO 20308 --- [restartedMain] w.s.c.ServletWebServerApplicationContext : Root WebApplicationContext: initialization completed in 351 ms
2023-06-01 14:39:39.339  INFO 20308 --- [restartedMain] com.zaxxer.hikari.HikariDataSource       : HikariPool-3 - Starting...
2023-06-01 14:39:39.352  INFO 20308 --- [restartedMain] com.zaxxer.hikari.pool.HikariPool        : HikariPool-3 - Added connection conn20: url=jdbc:h2:~/local user=SA
2023-06-01 14:39:39.352  INFO 20308 --- [restartedMain] com.zaxxer.hikari.HikariDataSource       : HikariPool-3 - Start completed.
2023-06-01 14:39:39.352  INFO 20308 --- [restartedMain] o.s.b.a.h2.H2ConsoleAutoConfiguration    : H2 console available at '/h2-console'. Database available at 'jdbc:h2:~/local'
2023-06-01 14:39:39.386  INFO 20308 --- [restartedMain] o.hibernate.jpa.internal.util.LogHelper  : HHH000204: Processing PersistenceUnitInfo [name: default]
2023-06-01 14:39:39.396  INFO 20308 --- [restartedMain] SQL dialect                              : HHH000400: Using dialect: org.hibernate.dialect.H2Dialect
2023-06-01 14:39:39.442  INFO 20308 --- [restartedMain] o.h.e.t.j.p.i.JtaPlatformInitiator       : HHH000490: Using JtaPlatform implementation: [org.hibernate.engine.transaction.jta.platform.internal.NoJtaPlatform]
2023-06-01 14:39:39.442  INFO 20308 --- [restartedMain] j.LocalContainerEntityManagerFactoryBean : Initialized JPA EntityManagerFactory for persistence unit 'default'
2023-06-01 14:39:39.498  WARN 20308 --- [restartedMain] ocalVariableTableParameterNameDiscoverer : Using deprecated '-debug' fallback for parameter name resolution. Compile the affected code with '-parameters' instead or avoid its introspection: com.myside.sbb.question.QuestionRepository
2023-06-01 14:39:39.541  WARN 20308 --- [restartedMain] ocalVariableTableParameterNameDiscoverer : Using deprecated '-debug' fallback for parameter name resolution. Compile the affected code with '-parameters' instead or avoid its introspection: com.myside.sbb.user.UserRepository
2023-06-01 14:39:39.571  WARN 20308 --- [restartedMain] JpaBaseConfiguration$JpaWebConfiguration : spring.jpa.open-in-view is enabled by default. Therefore, database queries may be performed during view rendering. Explicitly configure spring.jpa.open-in-view to disable this warning
2023-06-01 14:39:39.604  INFO 20308 --- [restartedMain] o.s.s.web.DefaultSecurityFilterChain     : Will secure any request with [org.springframework.security.web.session.DisableEncodeUrlFilter@abc2def, org.springframework.security.web.context.request.async.WebAsyncManagerIntegrationFilter@7cc5387c, org.springframework.security.web.context.SecurityContextHolderFilter@277abf33, org.springframework.security.web.header.HeaderWriterFilter@6bfbaa92, org.springframework.security.web.csrf.CsrfFilter@5233e2fc, org.springframework.security.web.authentication.logout.LogoutFilter@7f0463fb, org.springframework.security.web.authentication.UsernamePasswordAuthenticationFilter@70db8375, org.springframework.security.web.savedrequest.RequestCacheAwareFilter@6a939d22, org.springframework.security.web.servletapi.SecurityContextHolderAwareRequestFilter@4de0b21a, org.springframework.security.web.authentication.AnonymousAuthenticationFilter@1acc209, org.springframework.security.web.access.ExceptionTranslationFilter@23e0868c, org.springframework.security.web.access.intercept.AuthorizationFilter@1d9c111c]
2023-06-01 14:39:39.757  INFO 20308 --- [restartedMain] o.s.b.d.a.OptionalLiveReloadServer       : LiveReload server is running on port 35729
2023-06-01 14:39:39.767  INFO 20308 --- [restartedMain] o.s.b.w.embedded.tomcat.TomcatWebServer  : Tomcat started on port(s): 8080 (http) with context path ''
2023-06-01 14:39:39.771  INFO 20308 --- [restartedMain] com.myside.sbb.SbbApplication            : Started SbbApplication in 0.836 seconds (process running for 726.216)
2023-06-01 14:39:39.773  INFO 20308 --- [restartedMain] .ConditionEvaluationDeltaLoggingListener : Condition evaluation unchanged
2023-06-01 14:39:39.775  INFO 20308 --- [http-nio-8080-exec-1] o.a.c.c.C.[Tomcat].[localhost].[/]       : Initializing Spring DispatcherServlet 'dispatcherServlet'
2023-06-01 14:39:39.775  INFO 20308 --- [http-nio-8080-exec-1] o.s.web.servlet.DispatcherServlet        : Initializing Servlet 'dispatcherServlet'
2023-06-01 14:39:39.776  INFO 20308 --- [http-nio-8080-exec-1] o.s.web.servlet.DispatcherServlet        : Completed initialization in 1 ms
